_http_server.js:194
    throw new RangeError(`Invalid status code: ${originalStatusCode}`);
    ^

RangeError: Invalid status code: Error: connect ETIMEDOUT
    at ServerResponse.writeHead (_http_server.js:194:11)
    at writeHead (C:\js\testmysql/server.js:24:7)
    at Handshake.writeAnswer (C:\js\testmysql/server.js:19:4)
    at Handshake.<anonymous> (C:\js\testmysql\node_modules\mysql\lib\Connection.js:525:10)
    at Handshake._callback (C:\js\testmysql\node_modules\mysql\lib\Connection.js:491:16)
    at Handshake.Sequence.end (C:\js\testmysql\node_modules\mysql\lib\protocol\sequences\Sequence.js:83:24)
    at Protocol.handleNetworkError (C:\js\testmysql\node_modules\mysql\lib\protocol\Protocol.js:369:14)
    at Connection._handleNetworkError (C:\js\testmysql\node_modules\mysql\lib\Connection.js:421:18)
    at Connection._handleConnectTimeout (C:\js\testmysql\node_modules\mysql\lib\Connection.js:417:8)
    at Object.onceWrapper (events.js:313:30)
c:\Users\Admin\AppData\Roaming\npm\node_modules\node-windows\lib\wrapper.js:177
    child.send('shutdown');
          ^

TypeError: Cannot read property 'send' of null
    at process.killkid (c:\Users\Admin\AppData\Roaming\npm\node_modules\node-windows\lib\wrapper.js:177:11)
    at emitNone (events.js:106:13)
    at process.emit (events.js:208:7)
    at Signal.wrap.onsignal (internal/process.js:208:44)
